<?xml version="1.0" encoding="UTF-8"?>
<testsuite name="si_lab2_121074.SILab2Test" tests="2" skipped="0" failures="0" errors="0" timestamp="2023-05-30T12:28:26" hostname="alex" time="0.005">
  <properties/>
  <testcase name="Test_Branch_Coverage_SILab2" classname="si_lab2_121074.SILab2Test" time="0.004"/>
  <testcase name="Test_Multiple_Condition_SILab2" classname="si_lab2_121074.SILab2Test" time="0.001"/>
  <system-out><![CDATA[]]></system-out>
  <system-err><![CDATA[]]></system-err>
</testsuite>
